<?xml version="1.0" encoding="UTF-8"?>
<!-- Generated by org.testng.reporters.JUnitXMLReporter -->
<testsuite ignored="0" hostname="PRATIK" failures="0" tests="2" name="Default test" time="1.145" errors="0" timestamp="2022-12-06T12:06:23 IST">
  <testcase classname="dataDrivenDataProvider.DataProviderWithExcelData" name="driveDataFromExcel" time="0.017"/>
  <testcase classname="dataDrivenDataProvider.DataProviderWithExcelData" name="driveDataFromExcel" time="0.002"/>
</testsuite> <!-- Default test -->
