<?xml version="1.0" encoding="UTF-8"?>
<testng-results ignored="0" total="2" passed="2" failed="0" skipped="0">
  <reporter-output>
  </reporter-output>
  <suite started-at="2022-12-06T12:06:22 IST" name="Default suite" finished-at="2022-12-06T12:06:23 IST" duration-ms="1145">
    <groups>
    </groups>
    <test started-at="2022-12-06T12:06:22 IST" name="Default test" finished-at="2022-12-06T12:06:23 IST" duration-ms="1145">
      <class name="dataDrivenDataProvider.DataProviderWithExcelData">
        <test-method signature="driveDataFromExcel(java.lang.String,java.lang.String,java.lang.String)[pri:0, instance:dataDrivenDataProvider.DataProviderWithExcelData@1573f9fc]" started-at="2022-12-06T12:06:23 IST" name="driveDataFromExcel" data-provider="dataFromExcel" finished-at="2022-12-06T12:06:23 IST" duration-ms="17" status="PASS">
          <params>
            <param index="0">
              <value>
                <![CDATA[raghav]]>
              </value>
            </param>
            <param index="1">
              <value>
                <![CDATA[mumbai]]>
              </value>
            </param>
            <param index="2">
              <value>
                <![CDATA[1]]>
              </value>
            </param>
          </params>
          <reporter-output>
          </reporter-output>
        </test-method> <!-- driveDataFromExcel -->
        <test-method signature="driveDataFromExcel(java.lang.String,java.lang.String,java.lang.String)[pri:0, instance:dataDrivenDataProvider.DataProviderWithExcelData@1573f9fc]" started-at="2022-12-06T12:06:23 IST" name="driveDataFromExcel" data-provider="dataFromExcel" finished-at="2022-12-06T12:06:23 IST" duration-ms="2" status="PASS">
          <params>
            <param index="0">
              <value>
                <![CDATA[raj]]>
              </value>
            </param>
            <param index="1">
              <value>
                <![CDATA[delhi]]>
              </value>
            </param>
            <param index="2">
              <value>
                <![CDATA[2]]>
              </value>
            </param>
          </params>
          <reporter-output>
          </reporter-output>
        </test-method> <!-- driveDataFromExcel -->
      </class> <!-- dataDrivenDataProvider.DataProviderWithExcelData -->
    </test> <!-- Default test -->
  </suite> <!-- Default suite -->
</testng-results>
